<?xml version="1.0" encoding="UTF-8"?>
<testng-results ignored="0" total="1" passed="1" failed="0" skipped="0">
  <reporter-output>
  </reporter-output>
  <suite started-at="2023-08-20T17:03:36 IST" name="Default suite" finished-at="2023-08-20T17:03:36 IST" duration-ms="119">
    <groups>
    </groups>
    <test started-at="2023-08-20T17:03:36 IST" name="Default test" finished-at="2023-08-20T17:03:36 IST" duration-ms="119">
      <class name="integration.Demo">
        <test-method signature="createDemo()[pri:0, instance:integration.Demo@6d763516]" started-at="2023-08-20T17:03:36 IST" name="createDemo" finished-at="2023-08-20T17:03:36 IST" duration-ms="23" status="PASS">
          <reporter-output>
          </reporter-output>
        </test-method> <!-- createDemo -->
      </class> <!-- integration.Demo -->
    </test> <!-- Default test -->
  </suite> <!-- Default suite -->
</testng-results>
